{"context":"RoutesResolver","level":"info","message":"AppController {/api} (version: v1):","timestamp":"2025-06-15T12:54:08.607Z"}
{"context":"RouterExplorer","level":"info","message":"Mapped {/api, GET} (version: v1) route","timestamp":"2025-06-15T12:54:08.608Z"}
{"context":"RoutesResolver","level":"info","message":"AuthController {/api/auth} (version: v1):","timestamp":"2025-06-15T12:54:08.608Z"}
{"context":"RouterExplorer","level":"info","message":"Mapped {/api/auth/register, POST} (version: v1) route","timestamp":"2025-06-15T12:54:08.609Z"}
{"context":"RouterExplorer","level":"info","message":"Mapped {/api/auth/login, POST} (version: v1) route","timestamp":"2025-06-15T12:54:08.609Z"}
{"context":"RouterExplorer","level":"info","message":"Mapped {/api/auth/refresh, POST} (version: v1) route","timestamp":"2025-06-15T12:54:08.609Z"}
{"context":"RouterExplorer","level":"info","message":"Mapped {/api/auth/profile, GET} (version: v1) route","timestamp":"2025-06-15T12:54:08.610Z"}
{"context":"RouterExplorer","level":"info","message":"Mapped {/api/auth/logout, POST} (version: v1) route","timestamp":"2025-06-15T12:54:08.610Z"}
{"context":"RouterExplorer","level":"info","message":"Mapped {/api/auth/logout-all, POST} (version: v1) route","timestamp":"2025-06-15T12:54:08.610Z"}
{"context":"RouterExplorer","level":"info","message":"Mapped {/api/auth/me, GET} (version: v1) route","timestamp":"2025-06-15T12:54:08.610Z"}
{"context":"RouterExplorer","level":"info","message":"Mapped {/api/auth/admin-only, GET} (version: v1) route","timestamp":"2025-06-15T12:54:08.611Z"}
{"context":"RouterExplorer","level":"info","message":"Mapped {/api/auth/sales-dashboard, GET} (version: v1) route","timestamp":"2025-06-15T12:54:08.611Z"}
{"context":"RouterExplorer","level":"info","message":"Mapped {/api/auth/public-info, GET} (version: v1) route","timestamp":"2025-06-15T12:54:08.611Z"}
{"context":"RoutesResolver","level":"info","message":"MachineGroupController {/api/machine-groups} (version: v1):","timestamp":"2025-06-15T12:54:08.611Z"}
{"context":"RouterExplorer","level":"info","message":"Mapped {/api/machine-groups, POST} (version: v1) route","timestamp":"2025-06-15T12:54:08.611Z"}
{"context":"RouterExplorer","level":"info","message":"Mapped {/api/machine-groups, GET} (version: v1) route","timestamp":"2025-06-15T12:54:08.611Z"}
{"context":"RouterExplorer","level":"info","message":"Mapped {/api/machine-groups/:id, GET} (version: v1) route","timestamp":"2025-06-15T12:54:08.611Z"}
{"context":"RouterExplorer","level":"info","message":"Mapped {/api/machine-groups/:id, PUT} (version: v1) route","timestamp":"2025-06-15T12:54:08.611Z"}
{"context":"RouterExplorer","level":"info","message":"Mapped {/api/machine-groups/:id, DELETE} (version: v1) route","timestamp":"2025-06-15T12:54:08.612Z"}
{"context":"RouterExplorer","level":"info","message":"Mapped {/api/machine-groups/:id/machines, GET} (version: v1) route","timestamp":"2025-06-15T12:54:08.612Z"}
{"context":"RoutesResolver","level":"info","message":"MachineController {/api/machines} (version: v1):","timestamp":"2025-06-15T12:54:08.612Z"}
{"context":"RouterExplorer","level":"info","message":"Mapped {/api/machines, POST} (version: v1) route","timestamp":"2025-06-15T12:54:08.612Z"}
{"context":"RouterExplorer","level":"info","message":"Mapped {/api/machines, GET} (version: v1) route","timestamp":"2025-06-15T12:54:08.612Z"}
{"context":"RouterExplorer","level":"info","message":"Mapped {/api/machines/:id, GET} (version: v1) route","timestamp":"2025-06-15T12:54:08.612Z"}
{"context":"RouterExplorer","level":"info","message":"Mapped {/api/machines/:id/configuration, GET} (version: v1) route","timestamp":"2025-06-15T12:54:08.612Z"}
{"context":"RouterExplorer","level":"info","message":"Mapped {/api/machines/:id, PUT} (version: v1) route","timestamp":"2025-06-15T12:54:08.612Z"}
{"context":"RouterExplorer","level":"info","message":"Mapped {/api/machines/:id, DELETE} (version: v1) route","timestamp":"2025-06-15T12:54:08.612Z"}
{"context":"RoutesResolver","level":"info","message":"ConfigurationController {/api/configurations} (version: v1):","timestamp":"2025-06-15T12:54:08.612Z"}
{"context":"RouterExplorer","level":"info","message":"Mapped {/api/configurations, POST} (version: v1) route","timestamp":"2025-06-15T12:54:08.612Z"}
{"context":"RouterExplorer","level":"info","message":"Mapped {/api/configurations, GET} (version: v1) route","timestamp":"2025-06-15T12:54:08.612Z"}
{"context":"RouterExplorer","level":"info","message":"Mapped {/api/configurations/:id, GET} (version: v1) route","timestamp":"2025-06-15T12:54:08.612Z"}
{"context":"RouterExplorer","level":"info","message":"Mapped {/api/configurations/:id/dependencies, GET} (version: v1) route","timestamp":"2025-06-15T12:54:08.613Z"}
{"context":"RouterExplorer","level":"info","message":"Mapped {/api/configurations/validate, POST} (version: v1) route","timestamp":"2025-06-15T12:54:08.613Z"}
{"context":"RouterExplorer","level":"info","message":"Mapped {/api/configurations/:id, PUT} (version: v1) route","timestamp":"2025-06-15T12:54:08.613Z"}
{"context":"RouterExplorer","level":"info","message":"Mapped {/api/configurations/:id, DELETE} (version: v1) route","timestamp":"2025-06-15T12:54:08.613Z"}
{"context":"RoutesResolver","level":"info","message":"ConfigurationTabController {/api/configuration-tabs} (version: v1):","timestamp":"2025-06-15T12:54:08.613Z"}
{"context":"RouterExplorer","level":"info","message":"Mapped {/api/configuration-tabs, POST} (version: v1) route","timestamp":"2025-06-15T12:54:08.613Z"}
{"context":"RouterExplorer","level":"info","message":"Mapped {/api/configuration-tabs, GET} (version: v1) route","timestamp":"2025-06-15T12:54:08.613Z"}
{"context":"RouterExplorer","level":"info","message":"Mapped {/api/configuration-tabs/:id, GET} (version: v1) route","timestamp":"2025-06-15T12:54:08.613Z"}
{"context":"RouterExplorer","level":"info","message":"Mapped {/api/configuration-tabs/:id/configurations, GET} (version: v1) route","timestamp":"2025-06-15T12:54:08.613Z"}
{"context":"RouterExplorer","level":"info","message":"Mapped {/api/configuration-tabs/:id, PUT} (version: v1) route","timestamp":"2025-06-15T12:54:08.613Z"}
{"context":"RouterExplorer","level":"info","message":"Mapped {/api/configuration-tabs/:id, DELETE} (version: v1) route","timestamp":"2025-06-15T12:54:08.613Z"}
{"context":"NestApplication","level":"info","message":"Nest application successfully started","timestamp":"2025-06-15T12:54:08.636Z"}
{"context":"RoutesResolver","level":"info","message":"AppController {/api} (version: v1):","timestamp":"2025-06-15T13:04:06.559Z"}
{"context":"RouterExplorer","level":"info","message":"Mapped {/api, GET} (version: v1) route","timestamp":"2025-06-15T13:04:06.562Z"}
{"context":"RoutesResolver","level":"info","message":"AuthController {/api/auth} (version: v1):","timestamp":"2025-06-15T13:04:06.563Z"}
{"context":"RouterExplorer","level":"info","message":"Mapped {/api/auth/register, POST} (version: v1) route","timestamp":"2025-06-15T13:04:06.564Z"}
{"context":"RouterExplorer","level":"info","message":"Mapped {/api/auth/login, POST} (version: v1) route","timestamp":"2025-06-15T13:04:06.564Z"}
{"context":"RouterExplorer","level":"info","message":"Mapped {/api/auth/refresh, POST} (version: v1) route","timestamp":"2025-06-15T13:04:06.566Z"}
{"context":"RouterExplorer","level":"info","message":"Mapped {/api/auth/profile, GET} (version: v1) route","timestamp":"2025-06-15T13:04:06.567Z"}
{"context":"RouterExplorer","level":"info","message":"Mapped {/api/auth/logout, POST} (version: v1) route","timestamp":"2025-06-15T13:04:06.571Z"}
{"context":"RouterExplorer","level":"info","message":"Mapped {/api/auth/logout-all, POST} (version: v1) route","timestamp":"2025-06-15T13:04:06.572Z"}
{"context":"RouterExplorer","level":"info","message":"Mapped {/api/auth/me, GET} (version: v1) route","timestamp":"2025-06-15T13:04:06.573Z"}
{"context":"RouterExplorer","level":"info","message":"Mapped {/api/auth/admin-only, GET} (version: v1) route","timestamp":"2025-06-15T13:04:06.574Z"}
{"context":"RouterExplorer","level":"info","message":"Mapped {/api/auth/sales-dashboard, GET} (version: v1) route","timestamp":"2025-06-15T13:04:06.575Z"}
{"context":"RouterExplorer","level":"info","message":"Mapped {/api/auth/public-info, GET} (version: v1) route","timestamp":"2025-06-15T13:04:06.575Z"}
{"context":"RoutesResolver","level":"info","message":"MachineGroupController {/api/machine-groups} (version: v1):","timestamp":"2025-06-15T13:04:06.575Z"}
{"context":"RouterExplorer","level":"info","message":"Mapped {/api/machine-groups, POST} (version: v1) route","timestamp":"2025-06-15T13:04:06.575Z"}
{"context":"RouterExplorer","level":"info","message":"Mapped {/api/machine-groups, GET} (version: v1) route","timestamp":"2025-06-15T13:04:06.575Z"}
{"context":"RouterExplorer","level":"info","message":"Mapped {/api/machine-groups/:id, GET} (version: v1) route","timestamp":"2025-06-15T13:04:06.576Z"}
{"context":"RouterExplorer","level":"info","message":"Mapped {/api/machine-groups/:id, PUT} (version: v1) route","timestamp":"2025-06-15T13:04:06.576Z"}
{"context":"RouterExplorer","level":"info","message":"Mapped {/api/machine-groups/:id, DELETE} (version: v1) route","timestamp":"2025-06-15T13:04:06.576Z"}
{"context":"RouterExplorer","level":"info","message":"Mapped {/api/machine-groups/:id/machines, GET} (version: v1) route","timestamp":"2025-06-15T13:04:06.579Z"}
{"context":"RoutesResolver","level":"info","message":"MachineController {/api/machines} (version: v1):","timestamp":"2025-06-15T13:04:06.579Z"}
{"context":"RouterExplorer","level":"info","message":"Mapped {/api/machines, POST} (version: v1) route","timestamp":"2025-06-15T13:04:06.579Z"}
{"context":"RouterExplorer","level":"info","message":"Mapped {/api/machines, GET} (version: v1) route","timestamp":"2025-06-15T13:04:06.579Z"}
{"context":"RouterExplorer","level":"info","message":"Mapped {/api/machines/:id, GET} (version: v1) route","timestamp":"2025-06-15T13:04:06.579Z"}
{"context":"RouterExplorer","level":"info","message":"Mapped {/api/machines/:id/configuration, GET} (version: v1) route","timestamp":"2025-06-15T13:04:06.579Z"}
{"context":"RouterExplorer","level":"info","message":"Mapped {/api/machines/:id, PUT} (version: v1) route","timestamp":"2025-06-15T13:04:06.579Z"}
{"context":"RouterExplorer","level":"info","message":"Mapped {/api/machines/:id, DELETE} (version: v1) route","timestamp":"2025-06-15T13:04:06.579Z"}
{"context":"RoutesResolver","level":"info","message":"ConfigurationController {/api/configurations} (version: v1):","timestamp":"2025-06-15T13:04:06.580Z"}
{"context":"RouterExplorer","level":"info","message":"Mapped {/api/configurations, POST} (version: v1) route","timestamp":"2025-06-15T13:04:06.580Z"}
{"context":"RouterExplorer","level":"info","message":"Mapped {/api/configurations, GET} (version: v1) route","timestamp":"2025-06-15T13:04:06.580Z"}
{"context":"RouterExplorer","level":"info","message":"Mapped {/api/configurations/:id, GET} (version: v1) route","timestamp":"2025-06-15T13:04:06.580Z"}
{"context":"RouterExplorer","level":"info","message":"Mapped {/api/configurations/:id/dependencies, GET} (version: v1) route","timestamp":"2025-06-15T13:04:06.580Z"}
{"context":"RouterExplorer","level":"info","message":"Mapped {/api/configurations/validate, POST} (version: v1) route","timestamp":"2025-06-15T13:04:06.580Z"}
{"context":"RouterExplorer","level":"info","message":"Mapped {/api/configurations/:id, PUT} (version: v1) route","timestamp":"2025-06-15T13:04:06.580Z"}
{"context":"RouterExplorer","level":"info","message":"Mapped {/api/configurations/:id, DELETE} (version: v1) route","timestamp":"2025-06-15T13:04:06.581Z"}
{"context":"RoutesResolver","level":"info","message":"ConfigurationTabController {/api/configuration-tabs} (version: v1):","timestamp":"2025-06-15T13:04:06.581Z"}
{"context":"RouterExplorer","level":"info","message":"Mapped {/api/configuration-tabs, POST} (version: v1) route","timestamp":"2025-06-15T13:04:06.581Z"}
{"context":"RouterExplorer","level":"info","message":"Mapped {/api/configuration-tabs, GET} (version: v1) route","timestamp":"2025-06-15T13:04:06.581Z"}
{"context":"RouterExplorer","level":"info","message":"Mapped {/api/configuration-tabs/:id, GET} (version: v1) route","timestamp":"2025-06-15T13:04:06.581Z"}
{"context":"RouterExplorer","level":"info","message":"Mapped {/api/configuration-tabs/:id/configurations, GET} (version: v1) route","timestamp":"2025-06-15T13:04:06.581Z"}
{"context":"RouterExplorer","level":"info","message":"Mapped {/api/configuration-tabs/:id, PUT} (version: v1) route","timestamp":"2025-06-15T13:04:06.581Z"}
{"context":"RouterExplorer","level":"info","message":"Mapped {/api/configuration-tabs/:id, DELETE} (version: v1) route","timestamp":"2025-06-15T13:04:06.581Z"}
{"context":"NestApplication","level":"info","message":"Nest application successfully started","timestamp":"2025-06-15T13:04:06.610Z"}
{"context":"RoutesResolver","level":"info","message":"AppController {/api} (version: v1):","timestamp":"2025-06-15T13:14:46.829Z"}
{"context":"RouterExplorer","level":"info","message":"Mapped {/api, GET} (version: v1) route","timestamp":"2025-06-15T13:14:46.830Z"}
{"context":"RoutesResolver","level":"info","message":"AuthController {/api/auth} (version: v1):","timestamp":"2025-06-15T13:14:46.831Z"}
{"context":"RouterExplorer","level":"info","message":"Mapped {/api/auth/register, POST} (version: v1) route","timestamp":"2025-06-15T13:14:46.831Z"}
{"context":"RouterExplorer","level":"info","message":"Mapped {/api/auth/login, POST} (version: v1) route","timestamp":"2025-06-15T13:14:46.831Z"}
{"context":"RouterExplorer","level":"info","message":"Mapped {/api/auth/refresh, POST} (version: v1) route","timestamp":"2025-06-15T13:14:46.832Z"}
{"context":"RouterExplorer","level":"info","message":"Mapped {/api/auth/profile, GET} (version: v1) route","timestamp":"2025-06-15T13:14:46.832Z"}
{"context":"RouterExplorer","level":"info","message":"Mapped {/api/auth/logout, POST} (version: v1) route","timestamp":"2025-06-15T13:14:46.832Z"}
{"context":"RouterExplorer","level":"info","message":"Mapped {/api/auth/logout-all, POST} (version: v1) route","timestamp":"2025-06-15T13:14:46.832Z"}
{"context":"RouterExplorer","level":"info","message":"Mapped {/api/auth/me, GET} (version: v1) route","timestamp":"2025-06-15T13:14:46.833Z"}
{"context":"RouterExplorer","level":"info","message":"Mapped {/api/auth/admin-only, GET} (version: v1) route","timestamp":"2025-06-15T13:14:46.833Z"}
{"context":"RouterExplorer","level":"info","message":"Mapped {/api/auth/sales-dashboard, GET} (version: v1) route","timestamp":"2025-06-15T13:14:46.833Z"}
{"context":"RouterExplorer","level":"info","message":"Mapped {/api/auth/public-info, GET} (version: v1) route","timestamp":"2025-06-15T13:14:46.833Z"}
{"context":"RoutesResolver","level":"info","message":"MachineGroupController {/api/machine-groups} (version: v1):","timestamp":"2025-06-15T13:14:46.833Z"}
{"context":"RouterExplorer","level":"info","message":"Mapped {/api/machine-groups, POST} (version: v1) route","timestamp":"2025-06-15T13:14:46.833Z"}
{"context":"RouterExplorer","level":"info","message":"Mapped {/api/machine-groups, GET} (version: v1) route","timestamp":"2025-06-15T13:14:46.833Z"}
{"context":"RouterExplorer","level":"info","message":"Mapped {/api/machine-groups/:id, GET} (version: v1) route","timestamp":"2025-06-15T13:14:46.834Z"}
{"context":"RouterExplorer","level":"info","message":"Mapped {/api/machine-groups/:id, PUT} (version: v1) route","timestamp":"2025-06-15T13:14:46.834Z"}
{"context":"RouterExplorer","level":"info","message":"Mapped {/api/machine-groups/:id, DELETE} (version: v1) route","timestamp":"2025-06-15T13:14:46.834Z"}
{"context":"RouterExplorer","level":"info","message":"Mapped {/api/machine-groups/:id/machines, GET} (version: v1) route","timestamp":"2025-06-15T13:14:46.834Z"}
{"context":"RoutesResolver","level":"info","message":"MachineController {/api/machines} (version: v1):","timestamp":"2025-06-15T13:14:46.834Z"}
{"context":"RouterExplorer","level":"info","message":"Mapped {/api/machines, POST} (version: v1) route","timestamp":"2025-06-15T13:14:46.834Z"}
{"context":"RouterExplorer","level":"info","message":"Mapped {/api/machines, GET} (version: v1) route","timestamp":"2025-06-15T13:14:46.834Z"}
{"context":"RouterExplorer","level":"info","message":"Mapped {/api/machines/:id, GET} (version: v1) route","timestamp":"2025-06-15T13:14:46.834Z"}
{"context":"RouterExplorer","level":"info","message":"Mapped {/api/machines/:id/configuration, GET} (version: v1) route","timestamp":"2025-06-15T13:14:46.834Z"}
{"context":"RouterExplorer","level":"info","message":"Mapped {/api/machines/:id, PUT} (version: v1) route","timestamp":"2025-06-15T13:14:46.834Z"}
{"context":"RouterExplorer","level":"info","message":"Mapped {/api/machines/:id, DELETE} (version: v1) route","timestamp":"2025-06-15T13:14:46.834Z"}
{"context":"RoutesResolver","level":"info","message":"ConfigurationController {/api/configurations} (version: v1):","timestamp":"2025-06-15T13:14:46.834Z"}
{"context":"RouterExplorer","level":"info","message":"Mapped {/api/configurations, POST} (version: v1) route","timestamp":"2025-06-15T13:14:46.835Z"}
{"context":"RouterExplorer","level":"info","message":"Mapped {/api/configurations, GET} (version: v1) route","timestamp":"2025-06-15T13:14:46.835Z"}
{"context":"RouterExplorer","level":"info","message":"Mapped {/api/configurations/:id, GET} (version: v1) route","timestamp":"2025-06-15T13:14:46.835Z"}
{"context":"RouterExplorer","level":"info","message":"Mapped {/api/configurations/:id/dependencies, GET} (version: v1) route","timestamp":"2025-06-15T13:14:46.835Z"}
{"context":"RouterExplorer","level":"info","message":"Mapped {/api/configurations/validate, POST} (version: v1) route","timestamp":"2025-06-15T13:14:46.835Z"}
{"context":"RouterExplorer","level":"info","message":"Mapped {/api/configurations/:id, PUT} (version: v1) route","timestamp":"2025-06-15T13:14:46.835Z"}
{"context":"RouterExplorer","level":"info","message":"Mapped {/api/configurations/:id, DELETE} (version: v1) route","timestamp":"2025-06-15T13:14:46.835Z"}
{"context":"RoutesResolver","level":"info","message":"ConfigurationTabController {/api/configuration-tabs} (version: v1):","timestamp":"2025-06-15T13:14:46.835Z"}
{"context":"RouterExplorer","level":"info","message":"Mapped {/api/configuration-tabs, POST} (version: v1) route","timestamp":"2025-06-15T13:14:46.835Z"}
{"context":"RouterExplorer","level":"info","message":"Mapped {/api/configuration-tabs, GET} (version: v1) route","timestamp":"2025-06-15T13:14:46.835Z"}
{"context":"RouterExplorer","level":"info","message":"Mapped {/api/configuration-tabs/:id, GET} (version: v1) route","timestamp":"2025-06-15T13:14:46.836Z"}
{"context":"RouterExplorer","level":"info","message":"Mapped {/api/configuration-tabs/:id/configurations, GET} (version: v1) route","timestamp":"2025-06-15T13:14:46.836Z"}
{"context":"RouterExplorer","level":"info","message":"Mapped {/api/configuration-tabs/:id, PUT} (version: v1) route","timestamp":"2025-06-15T13:14:46.836Z"}
{"context":"RouterExplorer","level":"info","message":"Mapped {/api/configuration-tabs/:id, DELETE} (version: v1) route","timestamp":"2025-06-15T13:14:46.836Z"}
{"context":"NestApplication","level":"info","message":"Nest application successfully started","timestamp":"2025-06-15T13:14:46.855Z"}
